 Hint: Loaded cuda/12.1 but please note that no NVIDIA driver is installed on this machine.
  0%|[32m          [0m| 0/65 [00:00<?, ? file(s)/s]  2%|[32mâ–         [0m| 1/65 [00:19<21:08, 19.81s/ file(s)]  3%|[32mâ–Ž         [0m| 2/65 [01:55<1:07:50, 64.62s/ file(s)]  5%|[32mâ–         [0m| 3/65 [04:03<1:36:34, 93.46s/ file(s)]  6%|[32mâ–Œ         [0m| 4/65 [04:55<1:18:23, 77.11s/ file(s)]  8%|[32mâ–Š         [0m| 5/65 [06:29<1:23:02, 83.04s/ file(s)]  9%|[32mâ–‰         [0m| 6/65 [06:42<58:13, 59.22s/ file(s)]   11%|[32mâ–ˆ         [0m| 7/65 [06:50<41:06, 42.53s/ file(s)] 12%|[32mâ–ˆâ–        [0m| 8/65 [10:36<1:36:03, 101.11s/ file(s)] 14%|[32mâ–ˆâ–        [0m| 9/65 [11:30<1:20:27, 86.20s/ file(s)]  15%|[32mâ–ˆâ–Œ        [0m| 10/65 [12:35<1:12:56, 79.58s/ file(s)] 17%|[32mâ–ˆâ–‹        [0m| 11/65 [13:32<1:05:34, 72.86s/ file(s)] 18%|[32mâ–ˆâ–Š        [0m| 12/65 [15:25<1:15:08, 85.07s/ file(s)] 20%|[32mâ–ˆâ–ˆ        [0m| 13/65 [17:08<1:18:20, 90.39s/ file(s)] 22%|[32mâ–ˆâ–ˆâ–       [0m| 14/65 [19:00<1:22:32, 97.12s/ file(s)] 23%|[32mâ–ˆâ–ˆâ–Ž       [0m| 15/65 [19:40<1:06:30, 79.80s/ file(s)] 25%|[32mâ–ˆâ–ˆâ–       [0m| 16/65 [20:10<52:58, 64.88s/ file(s)]   26%|[32mâ–ˆâ–ˆâ–Œ       [0m| 17/65 [21:20<53:09, 66.45s/ file(s)] 28%|[32mâ–ˆâ–ˆâ–Š       [0m| 18/65 [21:27<37:50, 48.32s/ file(s)] 29%|[32mâ–ˆâ–ˆâ–‰       [0m| 19/65 [22:53<45:50, 59.78s/ file(s)] 31%|[32mâ–ˆâ–ˆâ–ˆ       [0m| 20/65 [23:39<41:45, 55.67s/ file(s)] 32%|[32mâ–ˆâ–ˆâ–ˆâ–      [0m| 21/65 [24:16<36:40, 50.00s/ file(s)] 34%|[32mâ–ˆâ–ˆâ–ˆâ–      [0m| 22/65 [26:16<51:00, 71.18s/ file(s)] 35%|[32mâ–ˆâ–ˆâ–ˆâ–Œ      [0m| 23/65 [27:39<52:10, 74.53s/ file(s)] 37%|[32mâ–ˆâ–ˆâ–ˆâ–‹      [0m| 24/65 [29:44<1:01:16, 89.66s/ file(s)] 38%|[32mâ–ˆâ–ˆâ–ˆâ–Š      [0m| 25/65 [30:27<50:29, 75.74s/ file(s)]   40%|[32mâ–ˆâ–ˆâ–ˆâ–ˆ      [0m| 26/65 [30:58<40:33, 62.41s/ file(s)] 42%|[32mâ–ˆâ–ˆâ–ˆâ–ˆâ–     [0m| 27/65 [34:18<1:05:31, 103.46s/ file(s)] 43%|[32mâ–ˆâ–ˆâ–ˆâ–ˆâ–Ž     [0m| 28/65 [37:22<1:18:44, 127.70s/ file(s)] 45%|[32mâ–ˆâ–ˆâ–ˆâ–ˆâ–     [0m| 29/65 [37:27<54:34, 90.95s/ file(s)]    46%|[32mâ–ˆâ–ˆâ–ˆâ–ˆâ–Œ     [0m| 30/65 [39:34<59:20, 101.74s/ file(s)]slurmstepd: error: Detected 1 oom_kill event in StepId=14831732.0. Some of the step tasks have been OOM Killed.
srun: error: ravc4014: task 0: Out Of Memory
srun: Terminating StepId=14831732.0
