 Hint: Loaded cuda/12.1 but please note that no NVIDIA driver is installed on this machine.
  0%|[32m          [0m| 0/65 [00:00<?, ? file(s)/s]  2%|[32mâ–         [0m| 1/65 [00:18<19:55, 18.68s/ file(s)]  3%|[32mâ–Ž         [0m| 2/65 [01:50<1:04:47, 61.70s/ file(s)]  5%|[32mâ–         [0m| 3/65 [03:52<1:32:06, 89.14s/ file(s)]  6%|[32mâ–Œ         [0m| 4/65 [04:43<1:15:26, 74.20s/ file(s)]  8%|[32mâ–Š         [0m| 5/65 [06:16<1:20:58, 80.98s/ file(s)]  9%|[32mâ–‰         [0m| 6/65 [06:29<56:54, 57.88s/ file(s)]   11%|[32mâ–ˆ         [0m| 7/65 [06:37<40:01, 41.41s/ file(s)] 12%|[32mâ–ˆâ–        [0m| 8/65 [10:30<1:37:31, 102.66s/ file(s)] 14%|[32mâ–ˆâ–        [0m| 9/65 [11:28<1:22:32, 88.43s/ file(s)]  15%|[32mâ–ˆâ–Œ        [0m| 10/65 [12:30<1:13:36, 80.31s/ file(s)] 17%|[32mâ–ˆâ–‹        [0m| 11/65 [13:38<1:08:52, 76.52s/ file(s)] 18%|[32mâ–ˆâ–Š        [0m| 12/65 [15:31<1:17:22, 87.59s/ file(s)] 20%|[32mâ–ˆâ–ˆ        [0m| 13/65 [17:04<1:17:24, 89.31s/ file(s)] 22%|[32mâ–ˆâ–ˆâ–       [0m| 14/65 [18:57<1:22:06, 96.60s/ file(s)] 23%|[32mâ–ˆâ–ˆâ–Ž       [0m| 15/65 [19:36<1:06:01, 79.23s/ file(s)] 25%|[32mâ–ˆâ–ˆâ–       [0m| 16/65 [20:04<52:07, 63.82s/ file(s)]   26%|[32mâ–ˆâ–ˆâ–Œ       [0m| 17/65 [21:10<51:33, 64.44s/ file(s)] 28%|[32mâ–ˆâ–ˆâ–Š       [0m| 18/65 [21:17<36:51, 47.05s/ file(s)] 29%|[32mâ–ˆâ–ˆâ–‰       [0m| 19/65 [22:42<44:46, 58.40s/ file(s)] 31%|[32mâ–ˆâ–ˆâ–ˆ       [0m| 20/65 [23:28<41:07, 54.84s/ file(s)] 32%|[32mâ–ˆâ–ˆâ–ˆâ–      [0m| 21/65 [24:04<35:56, 49.02s/ file(s)] 34%|[32mâ–ˆâ–ˆâ–ˆâ–      [0m| 22/65 [25:59<49:31, 69.10s/ file(s)] 35%|[32mâ–ˆâ–ˆâ–ˆâ–Œ      [0m| 23/65 [27:20<50:48, 72.58s/ file(s)] 37%|[32mâ–ˆâ–ˆâ–ˆâ–‹      [0m| 24/65 [29:20<59:17, 86.76s/ file(s)] 38%|[32mâ–ˆâ–ˆâ–ˆâ–Š      [0m| 25/65 [30:00<48:23, 72.58s/ file(s)] 40%|[32mâ–ˆâ–ˆâ–ˆâ–ˆ      [0m| 26/65 [30:30<39:01, 60.03s/ file(s)] 42%|[32mâ–ˆâ–ˆâ–ˆâ–ˆâ–     [0m| 27/65 [33:28<1:00:22, 95.33s/ file(s)] 43%|[32mâ–ˆâ–ˆâ–ˆâ–ˆâ–Ž     [0m| 28/65 [36:26<1:14:08, 120.23s/ file(s)] 45%|[32mâ–ˆâ–ˆâ–ˆâ–ˆâ–     [0m| 29/65 [36:31<51:24, 85.69s/ file(s)]    46%|[32mâ–ˆâ–ˆâ–ˆâ–ˆâ–Œ     [0m| 30/65 [38:25<54:53, 94.10s/ file(s)]slurmstepd: error: Detected 1 oom_kill event in StepId=14827095.0. Some of the step tasks have been OOM Killed.
srun: error: ravc4141: task 0: Out Of Memory
srun: Terminating StepId=14827095.0
